[2024-08-03 17:55:43.704356]: Magnet Offset: 302
[2024-08-03 17:55:43.707499]: Time Offset: 60
[2024-08-03 17:55:44.021003]: not enough data to predict
[2024-08-03 17:55:44.078123]: not enough data to predict
[2024-08-03 17:55:44.143700]: not enough data to predict
[2024-08-03 17:55:44.195156]: not enough data to predict
[2024-08-03 17:55:44.246152]: not enough data to predict
[2024-08-03 17:55:44.297215]: not enough data to predict
[2024-08-03 17:55:44.348114]: not enough data to predict
[2024-08-03 17:55:44.398920]: not enough data to predict
[2024-08-03 17:55:44.450144]: not enough data to predict
[2024-08-03 17:55:44.500778]: not enough data to predict
[2024-08-03 17:55:44.551296]: not enough data to predict
[2024-08-03 17:55:44.601725]: not enough data to predict
[2024-08-03 17:55:44.652181]: not enough data to predict
[2024-08-03 17:55:44.702819]: not enough data to predict
[2024-08-03 17:55:44.753181]: not enough data to predict
[2024-08-03 17:55:44.803799]: not enough data to predict
[2024-08-03 17:55:44.854843]: not enough data to predict
[2024-08-03 17:55:44.905732]: not enough data to predict
[2024-08-03 17:55:44.956363]: not enough data to predict
[2024-08-03 17:55:45.007479]: not enough data to predict
[2024-08-03 17:55:45.058662]: not enough data to predict
[2024-08-03 17:55:45.109696]: not enough data to predict
[2024-08-03 17:55:45.161295]: not enough data to predict
[2024-08-03 17:55:45.212390]: not enough data to predict
[2024-08-03 17:55:45.263296]: not enough data to predict
[2024-08-03 17:55:45.314319]: not enough data to predict
[2024-08-03 17:55:45.365166]: not enough data to predict
[2024-08-03 17:55:45.416535]: not enough data to predict
[2024-08-03 17:55:45.467095]: not enough data to predict
[2024-08-03 17:55:45.517692]: not enough data to predict
[2024-08-03 17:55:45.568368]: not enough data to predict
[2024-08-03 17:55:45.618653]: not enough data to predict
[2024-08-03 17:55:45.669115]: not enough data to predict
[2024-08-03 17:55:45.719596]: not enough data to predict
[2024-08-03 17:55:45.770392]: not enough data to predict
[2024-08-03 17:55:45.821167]: not enough data to predict
[2024-08-03 17:55:45.871807]: not enough data to predict
[2024-08-03 17:55:45.923415]: not enough data to predict
[2024-08-03 17:55:45.974442]: not enough data to predict
[2024-08-03 17:55:46.025081]: not enough data to predict
[2024-08-03 17:55:46.075942]: not enough data to predict
[2024-08-03 17:55:46.127290]: not enough data to predict
[2024-08-03 17:55:46.178085]: not enough data to predict
[2024-08-03 17:55:46.228934]: not enough data to predict
[2024-08-03 17:55:46.279323]: not enough data to predict
[2024-08-03 17:55:46.330871]: not enough data to predict
[2024-08-03 17:55:46.381297]: not enough data to predict
[2024-08-03 17:55:46.431648]: not enough data to predict
[2024-08-03 17:55:46.481983]: not enough data to predict
[2024-08-03 17:55:46.532283]: not enough data to predict
[2024-08-03 17:55:46.582710]: not enough data to predict
[2024-08-03 17:55:46.633202]: not enough data to predict
[2024-08-03 17:55:46.683535]: not enough data to predict
[2024-08-03 17:55:46.733818]: not enough data to predict
[2024-08-03 17:55:46.784112]: not enough data to predict
[2024-08-03 17:55:46.835111]: not enough data to predict
[2024-08-03 17:55:46.885934]: not enough data to predict
[2024-08-03 17:55:46.937161]: not enough data to predict
[2024-08-03 17:55:46.988404]: not enough data to predict
[2024-08-03 17:55:47.039568]: not enough data to predict
[2024-08-03 17:55:47.090432]: not enough data to predict
[2024-08-03 17:55:47.141298]: not enough data to predict
[2024-08-03 17:55:47.193162]: not enough data to predict
[2024-08-03 17:55:47.244022]: not enough data to predict
[2024-08-03 17:55:47.294885]: not enough data to predict
[2024-08-03 17:55:47.345751]: not enough data to predict
[2024-08-03 17:55:47.396614]: not enough data to predict
[2024-08-03 17:55:47.447477]: not enough data to predict
[2024-08-03 17:55:47.499339]: not enough data to predict
[2024-08-03 17:55:47.550204]: not enough data to predict
[2024-08-03 17:55:47.601066]: not enough data to predict
[2024-08-03 17:55:47.652928]: not enough data to predict
[2024-08-03 17:55:47.703792]: not enough data to predict
[2024-08-03 17:55:47.754657]: not enough data to predict
[2024-08-03 17:55:47.805520]: not enough data to predict
[2024-08-03 17:55:47.856384]: not enough data to predict
[2024-08-03 17:55:47.907544]: not enough data to predict
[2024-08-03 17:55:47.958411]: not enough data to predict
[2024-08-03 17:55:48.010279]: not enough data to predict
[2024-08-03 17:55:48.063168]: not enough data to predict
[2024-08-03 17:55:48.114251]: not enough data to predict
[2024-08-03 17:55:48.165488]: not enough data to predict
[2024-08-03 17:55:48.217252]: not enough data to predict
[2024-08-03 17:55:48.268301]: not enough data to predict
[2024-08-03 17:55:48.319073]: not enough data to predict
[2024-08-03 17:55:48.369937]: not enough data to predict
[2024-08-03 17:55:48.420802]: not enough data to predict
[2024-08-03 17:55:48.471667]: not enough data to predict
[2024-08-03 17:55:48.522530]: not enough data to predict
[2024-08-03 17:55:48.573395]: not enough data to predict
[2024-08-03 17:55:48.624260]: not enough data to predict
[2024-08-03 17:55:48.676121]: not enough data to predict
[2024-08-03 17:55:48.727980]: not enough data to predict
[2024-08-03 17:55:48.778843]: not enough data to predict
[2024-08-03 17:55:48.829709]: not enough data to predict
[2024-08-03 17:55:48.880584]: not enough data to predict
[2024-08-03 17:55:48.931436]: not enough data to predict
[2024-08-03 17:55:48.982299]: not enough data to predict
[2024-08-03 17:55:49.033168]: not enough data to predict
[2024-08-03 17:55:49.083836]: not enough data to predict
[2024-08-03 17:55:49.134481]: not enough data to predict
[2024-08-03 17:55:49.185660]: not enough data to predict
[2024-08-03 17:55:49.236311]: not enough data to predict
[2024-08-03 17:55:49.286917]: not enough data to predict
[2024-08-03 17:55:49.337563]: not enough data to predict
[2024-08-03 17:55:49.388899]: not enough data to predict
[2024-08-03 17:55:49.439879]: not enough data to predict
[2024-08-03 17:55:49.490648]: not enough data to predict
[2024-08-03 17:55:49.542039]: not enough data to predict
[2024-08-03 17:55:49.593028]: not enough data to predict
[2024-08-03 17:55:49.644326]: not enough data to predict
[2024-08-03 17:55:49.695533]: not enough data to predict
[2024-08-03 17:55:49.746932]: not enough data to predict
[2024-08-03 17:55:49.798308]: not enough data to predict
[2024-08-03 17:55:49.849183]: not enough data to predict
[2024-08-03 17:55:49.899777]: not enough data to predict
[2024-08-03 17:55:49.950379]: not enough data to predict
[2024-08-03 17:55:50.003278]: not enough data to predict
[2024-08-03 17:55:50.056133]: not enough data to predict
[2024-08-03 17:55:50.106990]: not enough data to predict
[2024-08-03 17:55:50.157711]: not enough data to predict
[2024-08-03 17:55:50.209004]: not enough data to predict
[2024-08-03 17:55:50.259735]: not enough data to predict
[2024-08-03 17:55:50.313370]: current rotation offset: -5
[2024-08-03 17:55:50.313370]: prediction time: 3
[2024-08-03 17:55:50.366873]: current rotation offset: -4
[2024-08-03 17:55:50.367866]: prediction time: 3
[2024-08-03 17:55:50.420135]: current rotation offset: -3
[2024-08-03 17:55:50.420135]: prediction time: 2
[2024-08-03 17:55:50.473968]: current rotation offset: -1
[2024-08-03 17:55:50.473968]: prediction time: 4
[2024-08-03 17:55:50.527822]: current rotation offset: 0
[2024-08-03 17:55:50.527822]: prediction time: 2
[2024-08-03 17:55:50.580681]: current rotation offset: 1
[2024-08-03 17:55:50.580681]: prediction time: 2
[2024-08-03 17:55:50.633419]: current rotation offset: 2
[2024-08-03 17:55:50.633419]: prediction time: 3
[2024-08-03 17:55:50.686250]: current rotation offset: 3
[2024-08-03 17:55:50.686250]: prediction time: 2
[2024-08-03 17:55:50.739616]: current rotation offset: 4
[2024-08-03 17:55:50.739616]: prediction time: 3
[2024-08-03 17:55:50.792580]: current rotation offset: 5
[2024-08-03 17:55:50.792580]: prediction time: 3
[2024-08-03 17:55:50.846053]: current rotation offset: 6
[2024-08-03 17:55:50.846053]: prediction time: 3
[2024-08-03 17:55:50.899391]: current rotation offset: 7
[2024-08-03 17:55:50.899391]: prediction time: 2
[2024-08-03 17:55:50.952180]: current rotation offset: 8
[2024-08-03 17:55:50.952180]: prediction time: 2
[2024-08-03 17:55:51.006480]: current rotation offset: 9
[2024-08-03 17:55:51.006480]: prediction time: 4
[2024-08-03 17:55:51.058981]: current rotation offset: 10
[2024-08-03 17:55:51.059979]: prediction time: 3
[2024-08-03 17:55:51.112747]: current rotation offset: 11
[2024-08-03 17:55:51.112747]: prediction time: 2
[2024-08-03 17:55:51.165534]: current rotation offset: 12
[2024-08-03 17:55:51.166531]: prediction time: 3
[2024-08-03 17:55:51.219229]: current rotation offset: 13
[2024-08-03 17:55:51.219229]: prediction time: 3
[2024-08-03 17:55:51.271805]: current rotation offset: 13
[2024-08-03 17:55:51.271805]: prediction time: 2
[2024-08-03 17:55:51.325400]: current rotation offset: 13
[2024-08-03 17:55:51.326397]: prediction time: 3
[2024-08-03 17:55:51.379145]: current rotation offset: 14
[2024-08-03 17:55:51.380141]: prediction time: 3
[2024-08-03 17:55:51.433183]: current rotation offset: 14
[2024-08-03 17:55:51.433183]: prediction time: 3
[2024-08-03 17:55:51.487056]: current rotation offset: 16
[2024-08-03 17:55:51.488054]: prediction time: 3
[2024-08-03 17:55:51.547243]: current rotation offset: 20
[2024-08-03 17:55:51.549284]: prediction time: 10
[2024-08-03 17:55:51.615079]: current rotation offset: 21
[2024-08-03 17:55:51.617065]: prediction time: 18
[2024-08-03 17:55:51.670360]: current rotation offset: 23
[2024-08-03 17:55:51.670360]: prediction time: 3
[2024-08-03 17:55:51.723617]: current rotation offset: 23
[2024-08-03 17:55:51.723617]: prediction time: 3
[2024-08-03 17:55:51.776329]: current rotation offset: 23
[2024-08-03 17:55:51.776329]: prediction time: 3
[2024-08-03 17:55:51.830222]: current rotation offset: 24
[2024-08-03 17:55:51.831252]: prediction time: 4
[2024-08-03 17:55:51.883770]: current rotation offset: 25
[2024-08-03 17:55:51.883770]: prediction time: 2
[2024-08-03 17:55:51.936580]: current rotation offset: 27
[2024-08-03 17:55:51.936580]: prediction time: 3
[2024-08-03 17:55:51.989311]: current rotation offset: 28
[2024-08-03 17:55:51.989311]: prediction time: 3
[2024-08-03 17:55:52.041731]: current rotation offset: 29
[2024-08-03 17:55:52.041731]: prediction time: 2
[2024-08-03 17:55:52.094561]: current rotation offset: 29
[2024-08-03 17:55:52.094561]: prediction time: 3
[2024-08-03 17:55:52.147967]: current rotation offset: 31
[2024-08-03 17:55:52.147967]: prediction time: 3
[2024-08-03 17:55:52.200902]: current rotation offset: 31
[2024-08-03 17:55:52.200902]: prediction time: 2
[2024-08-03 17:55:52.253599]: current rotation offset: 32
[2024-08-03 17:55:52.254597]: prediction time: 3
[2024-08-03 17:55:52.307005]: current rotation offset: 33
[2024-08-03 17:55:52.307005]: prediction time: 2
[2024-08-03 17:55:52.359558]: current rotation offset: 34
[2024-08-03 17:55:52.360559]: prediction time: 4
[2024-08-03 17:55:52.413966]: current rotation offset: 35
[2024-08-03 17:55:52.413966]: prediction time: 2
[2024-08-03 17:55:52.466664]: current rotation offset: 35
[2024-08-03 17:55:52.466664]: prediction time: 3
[2024-08-03 17:55:52.519804]: current rotation offset: 36
[2024-08-03 17:55:52.519804]: prediction time: 2
[2024-08-03 17:55:52.576900]: current rotation offset: 36
[2024-08-03 17:55:52.578894]: frame time: 51
[2024-08-03 17:55:52.578894]: prediction time: 8
[2024-08-03 17:55:52.615732]: frame time: 37
[2024-08-03 17:55:52.638670]: current rotation offset: 37
[2024-08-03 17:55:52.638670]: prediction time: 9
[2024-08-03 17:55:52.664141]: frame time: 48
[2024-08-03 17:55:52.671137]: frame time: 7
[2024-08-03 17:55:52.686077]: frame time: 15
[2024-08-03 17:55:52.692063]: current rotation offset: 37
[2024-08-03 17:55:52.693060]: prediction time: 3
[2024-08-03 17:55:52.703034]: frame time: 17
[2024-08-03 17:55:52.718124]: frame time: 15
[2024-08-03 17:55:52.735089]: frame time: 17
[2024-08-03 17:55:52.747057]: current rotation offset: 37
[2024-08-03 17:55:52.748058]: prediction time: 5
[2024-08-03 17:55:52.753041]: frame time: 18
[2024-08-03 17:55:52.770072]: frame time: 17
[2024-08-03 17:55:52.785092]: frame time: 15
[2024-08-03 17:55:52.801902]: frame time: 17
[2024-08-03 17:55:52.801902]: current rotation offset: 37
[2024-08-03 17:55:52.802901]: prediction time: 3
[2024-08-03 17:55:52.818355]: frame time: 16
[2024-08-03 17:55:52.834740]: frame time: 17
[2024-08-03 17:55:52.852442]: frame time: 17
[2024-08-03 17:55:52.856532]: current rotation offset: 38
[2024-08-03 17:55:52.857743]: prediction time: 5
[2024-08-03 17:55:52.869191]: frame time: 17
[2024-08-03 17:55:52.887144]: frame time: 18
[2024-08-03 17:55:52.902106]: frame time: 15
[2024-08-03 17:55:52.911080]: current rotation offset: 38
[2024-08-03 17:55:52.911080]: prediction time: 3
[2024-08-03 17:55:52.919058]: frame time: 17
[2024-08-03 17:55:52.935295]: frame time: 16
[2024-08-03 17:55:52.952144]: frame time: 17
[2024-08-03 17:55:52.964899]: current rotation offset: 38
[2024-08-03 17:55:52.965935]: prediction time: 4
[2024-08-03 17:55:52.968959]: frame time: 17
[2024-08-03 17:55:52.985859]: frame time: 17
[2024-08-03 17:55:53.002814]: frame time: 17
[2024-08-03 17:55:53.018772]: frame time: 16
[2024-08-03 17:55:53.019771]: current rotation offset: 38
[2024-08-03 17:55:53.020785]: prediction time: 4
[2024-08-03 17:55:53.037093]: frame time: 18
[2024-08-03 17:55:53.052516]: frame time: 15
[2024-08-03 17:55:53.068698]: frame time: 17
[2024-08-03 17:55:53.072819]: current rotation offset: 38
[2024-08-03 17:55:53.074214]: prediction time: 2
[2024-08-03 17:55:53.085437]: frame time: 16
[2024-08-03 17:55:53.102392]: frame time: 17
[2024-08-03 17:55:53.118794]: frame time: 17
[2024-08-03 17:55:53.126772]: current rotation offset: 38
[2024-08-03 17:55:53.126772]: prediction time: 2
[2024-08-03 17:55:53.135748]: frame time: 17
[2024-08-03 17:55:53.152702]: frame time: 17
[2024-08-03 17:55:53.168661]: frame time: 15
[2024-08-03 17:55:53.180630]: current rotation offset: 38
[2024-08-03 17:55:53.180630]: prediction time: 3
[2024-08-03 17:55:53.185615]: frame time: 16
[2024-08-03 17:55:53.202842]: frame time: 18
[2024-08-03 17:55:53.222097]: frame time: 19
[2024-08-03 17:55:53.238428]: frame time: 16
[2024-08-03 17:55:53.241442]: current rotation offset: 38
[2024-08-03 17:55:53.242423]: prediction time: 11
[2024-08-03 17:55:53.255772]: frame time: 18
[2024-08-03 17:55:53.272081]: frame time: 16
[2024-08-03 17:55:53.289198]: frame time: 17
[2024-08-03 17:55:53.302225]: current rotation offset: 37
[2024-08-03 17:55:53.303222]: prediction time: 10
[2024-08-03 17:55:53.305880]: frame time: 17
[2024-08-03 17:55:53.322591]: frame time: 16
[2024-08-03 17:55:53.339671]: frame time: 17
[2024-08-03 17:55:53.357175]: frame time: 17
[2024-08-03 17:55:53.364157]: current rotation offset: 37
[2024-08-03 17:55:53.365198]: prediction time: 11
[2024-08-03 17:55:53.374049]: frame time: 17
[2024-08-03 17:55:53.396996]: frame time: 23
[2024-08-03 17:55:53.418957]: frame time: 22
[2024-08-03 17:55:53.425953]: current rotation offset: 36
[2024-08-03 17:55:53.426951]: prediction time: 11
[2024-08-03 17:55:53.445220]: frame time: 26
[2024-08-03 17:55:53.453794]: frame time: 9
[2024-08-03 17:55:53.469089]: frame time: 15
[2024-08-03 17:55:53.482564]: current rotation offset: 35
[2024-08-03 17:55:53.482564]: prediction time: 5
[2024-08-03 17:55:53.485550]: frame time: 16
[2024-08-03 17:55:53.502728]: frame time: 18
[2024-08-03 17:55:53.519935]: frame time: 17
[2024-08-03 17:55:53.536125]: frame time: 16
[2024-08-03 17:55:53.536125]: current rotation offset: 31
[2024-08-03 17:55:53.537126]: prediction time: 4
[2024-08-03 17:55:53.553116]: frame time: 17
[2024-08-03 17:55:53.568855]: frame time: 16
[2024-08-03 17:55:53.586283]: frame time: 17
[2024-08-03 17:55:53.592282]: current rotation offset: 30
[2024-08-03 17:55:53.592282]: prediction time: 5
[2024-08-03 17:55:53.602550]: frame time: 16
[2024-08-03 17:55:53.619960]: frame time: 18
[2024-08-03 17:55:53.636084]: frame time: 16
[2024-08-03 17:55:53.647020]: current rotation offset: 27
[2024-08-03 17:55:53.647020]: prediction time: 5
[2024-08-03 17:55:53.653009]: frame time: 17
[2024-08-03 17:55:53.670035]: frame time: 17
[2024-08-03 17:55:53.686217]: frame time: 16
[2024-08-03 17:55:53.702149]: frame time: 16
[2024-08-03 17:55:53.702149]: current rotation offset: 26
[2024-08-03 17:55:53.702149]: prediction time: 5
[2024-08-03 17:55:53.719091]: frame time: 17
[2024-08-03 17:55:53.736256]: frame time: 17
[2024-08-03 17:55:53.756452]: current rotation offset: 25
[2024-08-03 17:55:53.757449]: prediction time: 4
[2024-08-03 17:55:53.767835]: frame time: 32
[2024-08-03 17:55:53.784930]: frame time: 17
[2024-08-03 17:55:53.801939]: frame time: 17
[2024-08-03 17:55:53.809763]: current rotation offset: 23
[2024-08-03 17:55:53.809763]: prediction time: 2
[2024-08-03 17:55:53.818684]: frame time: 16
[2024-08-03 17:55:53.834818]: frame time: 16
[2024-08-03 17:55:53.852880]: frame time: 18
[2024-08-03 17:55:53.862435]: current rotation offset: 22
[2024-08-03 17:55:53.862435]: prediction time: 3
[2024-08-03 17:55:53.868006]: frame time: 15
[2024-08-03 17:55:53.885444]: frame time: 17
[2024-08-03 17:55:53.902334]: frame time: 17
[2024-08-03 17:55:53.915217]: current rotation offset: 21
[2024-08-03 17:55:53.915217]: prediction time: 3
[2024-08-03 17:55:53.919433]: frame time: 17
[2024-08-03 17:55:53.935365]: frame time: 16
[2024-08-03 17:55:53.952032]: frame time: 17
[2024-08-03 17:55:53.968231]: current rotation offset: 20
[2024-08-03 17:55:53.968231]: prediction time: 3
[2024-08-03 17:55:53.969491]: frame time: 17
[2024-08-03 17:55:53.985196]: frame time: 16
[2024-08-03 17:55:54.001984]: frame time: 17
[2024-08-03 17:55:54.018513]: frame time: 16
[2024-08-03 17:55:54.021707]: current rotation offset: 19
[2024-08-03 17:55:54.022702]: prediction time: 3
[2024-08-03 17:55:54.035945]: frame time: 18
[2024-08-03 17:55:54.051812]: frame time: 16
[2024-08-03 17:55:54.074927]: frame time: 23
[2024-08-03 17:55:54.074927]: current rotation offset: 19
[2024-08-03 17:55:54.074927]: prediction time: 3
[2024-08-03 17:55:54.085550]: frame time: 10
[2024-08-03 17:55:54.102145]: frame time: 17
[2024-08-03 17:55:54.118697]: frame time: 17
[2024-08-03 17:55:54.128194]: current rotation offset: 18
[2024-08-03 17:55:54.128194]: prediction time: 2
[2024-08-03 17:55:54.135799]: frame time: 17
[2024-08-03 17:55:54.152697]: frame time: 16
[2024-08-03 17:55:54.168738]: frame time: 16
[2024-08-03 17:55:54.180707]: current rotation offset: 18
[2024-08-03 17:55:54.181673]: prediction time: 3
[2024-08-03 17:55:54.185658]: frame time: 16
[2024-08-03 17:55:54.202028]: frame time: 16
[2024-08-03 17:55:54.219062]: frame time: 17
[2024-08-03 17:55:54.235259]: current rotation offset: 18
[2024-08-03 17:55:54.235259]: prediction time: 3
[2024-08-03 17:55:54.236472]: frame time: 17
[2024-08-03 17:55:54.252014]: frame time: 16
[2024-08-03 17:55:54.269342]: frame time: 17
[2024-08-03 17:55:54.285285]: frame time: 16
[2024-08-03 17:55:54.289313]: current rotation offset: 18
[2024-08-03 17:55:54.289313]: prediction time: 4
[2024-08-03 17:55:54.302612]: frame time: 17
[2024-08-03 17:55:54.326523]: frame time: 23
[2024-08-03 17:55:54.337393]: frame time: 11
[2024-08-03 17:55:54.343417]: current rotation offset: 18
[2024-08-03 17:55:54.343417]: prediction time: 4
[2024-08-03 17:55:54.352694]: frame time: 16
[2024-08-03 17:55:54.369121]: frame time: 16
[2024-08-03 17:55:54.385878]: frame time: 17
[2024-08-03 17:55:54.397931]: current rotation offset: 18
[2024-08-03 17:55:54.397931]: prediction time: 3
[2024-08-03 17:55:54.402601]: frame time: 16
[2024-08-03 17:55:54.419681]: frame time: 18
[2024-08-03 17:55:54.435763]: frame time: 16
[2024-08-03 17:55:54.451908]: current rotation offset: 18
[2024-08-03 17:55:54.451908]: prediction time: 3
[2024-08-03 17:55:54.452868]: frame time: 17
[2024-08-03 17:55:54.470110]: frame time: 17
[2024-08-03 17:55:54.487885]: frame time: 18
[2024-08-03 17:55:54.504700]: frame time: 17
[2024-08-03 17:55:54.507698]: current rotation offset: 19
[2024-08-03 17:55:54.507698]: prediction time: 5
[2024-08-03 17:55:54.521015]: frame time: 16
[2024-08-03 17:55:54.536774]: frame time: 16
[2024-08-03 17:55:54.553612]: frame time: 16
[2024-08-03 17:55:54.562776]: current rotation offset: -1
[2024-08-03 17:55:54.563775]: prediction time: 5
[2024-08-03 17:55:54.570284]: frame time: 16
[2024-08-03 17:55:54.586882]: frame time: 17
[2024-08-03 17:55:54.603653]: frame time: 16
[2024-08-03 17:55:54.619839]: current rotation offset: -1
[2024-08-03 17:55:54.619839]: prediction time: 6
[2024-08-03 17:55:54.620895]: frame time: 17
[2024-08-03 17:55:54.637005]: frame time: 16
[2024-08-03 17:55:54.653935]: frame time: 17
[2024-08-03 17:55:54.670814]: frame time: 17
[2024-08-03 17:55:54.675859]: current rotation offset: -1
[2024-08-03 17:55:54.675859]: prediction time: 5
[2024-08-03 17:55:54.697416]: frame time: 26
[2024-08-03 17:55:54.718380]: frame time: 21
[2024-08-03 17:55:54.732136]: current rotation offset: -1
[2024-08-03 17:55:54.732136]: prediction time: 6
[2024-08-03 17:55:54.736356]: frame time: 18
[2024-08-03 17:55:54.754151]: frame time: 18
[2024-08-03 17:55:54.771156]: frame time: 17
[2024-08-03 17:55:54.785654]: current rotation offset: -1
[2024-08-03 17:55:54.785654]: prediction time: 2
[2024-08-03 17:55:54.797273]: frame time: 26
[2024-08-03 17:55:54.804438]: frame time: 7
[2024-08-03 17:55:54.822976]: frame time: 19
[2024-08-03 17:55:54.838933]: current rotation offset: -1
[2024-08-03 17:55:54.838933]: prediction time: 2
[2024-08-03 17:55:54.839934]: frame time: 17
[2024-08-03 17:55:54.854898]: frame time: 15
[2024-08-03 17:55:54.871742]: frame time: 17
[2024-08-03 17:55:54.887276]: frame time: 15
[2024-08-03 17:55:54.892090]: current rotation offset: -1
[2024-08-03 17:55:54.892090]: prediction time: 3
[2024-08-03 17:55:54.903962]: frame time: 17
[2024-08-03 17:55:54.924602]: frame time: 20
[2024-08-03 17:55:54.938392]: frame time: 13
[2024-08-03 17:55:54.945444]: current rotation offset: -1
[2024-08-03 17:55:54.945444]: prediction time: 3
[2024-08-03 17:55:54.958521]: frame time: 20
[2024-08-03 17:55:54.971501]: frame time: 12
[2024-08-03 17:55:54.987966]: frame time: 17
[2024-08-03 17:55:54.998396]: current rotation offset: -2
[2024-08-03 17:55:54.998396]: prediction time: 3
[2024-08-03 17:55:55.004568]: frame time: 16
[2024-08-03 17:55:55.021006]: frame time: 16
[2024-08-03 17:55:55.038284]: frame time: 17
[2024-08-03 17:55:55.052669]: current rotation offset: -2
[2024-08-03 17:55:55.052669]: prediction time: 3
[2024-08-03 17:55:55.054361]: frame time: 16
[2024-08-03 17:55:55.070824]: frame time: 17
[2024-08-03 17:55:55.087891]: frame time: 17
[2024-08-03 17:55:55.104813]: frame time: 17
[2024-08-03 17:55:55.104813]: current rotation offset: -2
[2024-08-03 17:55:55.105822]: prediction time: 3
[2024-08-03 17:55:55.121647]: frame time: 16
[2024-08-03 17:55:55.137468]: frame time: 15
[2024-08-03 17:55:55.154033]: frame time: 17
[2024-08-03 17:55:55.158049]: current rotation offset: -2
[2024-08-03 17:55:55.159042]: prediction time: 3
[2024-08-03 17:55:55.169274]: frame time: 15
[2024-08-03 17:55:55.187180]: frame time: 18
[2024-08-03 17:55:55.203924]: frame time: 17
[2024-08-03 17:55:55.214628]: current rotation offset: -2
[2024-08-03 17:55:55.214628]: prediction time: 6
[2024-08-03 17:55:55.220628]: frame time: 16
[2024-08-03 17:55:55.237964]: frame time: 17
[2024-08-03 17:55:55.254281]: frame time: 16
[2024-08-03 17:55:55.271186]: frame time: 17
[2024-08-03 17:55:55.271186]: current rotation offset: -2
[2024-08-03 17:55:55.271186]: prediction time: 6
[2024-08-03 17:55:55.286268]: frame time: 15
[2024-08-03 17:55:55.302844]: frame time: 17
[2024-08-03 17:55:55.319973]: frame time: 17
[2024-08-03 17:55:55.324190]: current rotation offset: -2
[2024-08-03 17:55:55.325187]: prediction time: 3
[2024-08-03 17:55:55.336371]: frame time: 16
[2024-08-03 17:55:55.353295]: frame time: 17
[2024-08-03 17:55:55.369709]: frame time: 17
[2024-08-03 17:55:55.379531]: current rotation offset: -2
[2024-08-03 17:55:55.379531]: prediction time: 5
[2024-08-03 17:55:55.386630]: frame time: 16
[2024-08-03 17:55:55.403880]: frame time: 17
[2024-08-03 17:55:55.420639]: frame time: 16
[2024-08-03 17:55:55.434645]: current rotation offset: -2
[2024-08-03 17:55:55.435641]: prediction time: 6
[2024-08-03 17:55:55.437740]: frame time: 17
[2024-08-03 17:55:55.454532]: frame time: 16
[2024-08-03 17:55:55.470683]: frame time: 17
[2024-08-03 17:55:55.487262]: frame time: 16
[2024-08-03 17:55:55.491250]: current rotation offset: -2
[2024-08-03 17:55:55.491250]: prediction time: 5
[2024-08-03 17:55:55.503711]: frame time: 17
[2024-08-03 17:55:55.521240]: frame time: 17
[2024-08-03 17:55:55.537587]: frame time: 16
[2024-08-03 17:55:55.545899]: current rotation offset: -1
[2024-08-03 17:55:55.546897]: prediction time: 5
[2024-08-03 17:55:55.554010]: frame time: 17
[2024-08-03 17:55:55.571631]: frame time: 17
[2024-08-03 17:55:55.588819]: frame time: 17
[2024-08-03 17:55:55.604327]: current rotation offset: -1
[2024-08-03 17:55:55.605326]: prediction time: 8
[2024-08-03 17:55:55.606508]: frame time: 17
[2024-08-03 17:55:55.622038]: frame time: 16
[2024-08-03 17:55:55.639158]: frame time: 17
[2024-08-03 17:55:55.656210]: frame time: 17
[2024-08-03 17:55:55.664202]: current rotation offset: 0
[2024-08-03 17:55:55.664202]: prediction time: 9
[2024-08-03 17:55:55.672460]: frame time: 16
[2024-08-03 17:55:55.689317]: frame time: 17
[2024-08-03 17:55:55.704996]: frame time: 16
[2024-08-03 17:55:55.719084]: current rotation offset: 2
[2024-08-03 17:55:55.720090]: prediction time: 5
[2024-08-03 17:55:55.721238]: frame time: 16
[2024-08-03 17:55:55.737093]: frame time: 16
[2024-08-03 17:55:55.754000]: frame time: 17
[2024-08-03 17:55:55.771073]: frame time: 17
[2024-08-03 17:55:55.775064]: current rotation offset: 3
[2024-08-03 17:55:55.776062]: prediction time: 5
[2024-08-03 17:55:55.787330]: frame time: 16
[2024-08-03 17:55:55.803943]: frame time: 17
[2024-08-03 17:55:55.820128]: frame time: 16
[2024-08-03 17:55:55.833438]: current rotation offset: 3
[2024-08-03 17:55:55.834388]: prediction time: 7
[2024-08-03 17:55:55.838001]: frame time: 18
[2024-08-03 17:55:55.854886]: frame time: 17
[2024-08-03 17:55:55.871507]: frame time: 16
[2024-08-03 17:55:55.888631]: frame time: 17
[2024-08-03 17:55:55.890707]: current rotation offset: 3
[2024-08-03 17:55:55.891702]: prediction time: 8
[2024-08-03 17:55:55.905050]: frame time: 16
[2024-08-03 17:55:55.922819]: frame time: 18
[2024-08-03 17:55:55.938293]: frame time: 15
[2024-08-03 17:55:55.948430]: current rotation offset: 3
[2024-08-03 17:55:55.948430]: prediction time: 7
[2024-08-03 17:55:55.955051]: frame time: 17
[2024-08-03 17:55:55.971869]: frame time: 17
[2024-08-03 17:55:55.988851]: frame time: 17
[2024-08-03 17:55:56.005206]: frame time: 16
[2024-08-03 17:55:56.005206]: current rotation offset: 3
[2024-08-03 17:55:56.005206]: prediction time: 7
[2024-08-03 17:55:56.021554]: frame time: 16
[2024-08-03 17:55:56.038316]: frame time: 17
[2024-08-03 17:55:56.056087]: frame time: 18
[2024-08-03 17:55:56.065129]: current rotation offset: 4
[2024-08-03 17:55:56.066139]: prediction time: 9
[2024-08-03 17:55:56.072647]: frame time: 17
[2024-08-03 17:55:56.089321]: frame time: 16
[2024-08-03 17:55:56.106375]: frame time: 17
[2024-08-03 17:55:56.124325]: frame time: 18
[2024-08-03 17:55:56.127321]: current rotation offset: 4
[2024-08-03 17:55:56.128338]: prediction time: 11
[2024-08-03 17:55:56.138919]: frame time: 15
[2024-08-03 17:55:56.153682]: frame time: 15
[2024-08-03 17:55:56.169886]: frame time: 16
[2024-08-03 17:55:56.189867]: current rotation offset: 4
[2024-08-03 17:55:56.190864]: prediction time: 12
[2024-08-03 17:55:56.192955]: frame time: 23
[2024-08-03 17:55:56.206053]: frame time: 13
[2024-08-03 17:55:56.222255]: frame time: 16
[2024-08-03 17:55:56.238781]: frame time: 17
[2024-08-03 17:55:56.250531]: current rotation offset: 4
[2024-08-03 17:55:56.251529]: prediction time: 11
[2024-08-03 17:55:56.259513]: frame time: 20
[2024-08-03 17:55:56.271369]: frame time: 12
[2024-08-03 17:55:56.286680]: frame time: 15
[2024-08-03 17:55:56.304065]: frame time: 17
[2024-08-03 17:55:56.304065]: current rotation offset: 4
[2024-08-03 17:55:56.305068]: prediction time: 4
[2024-08-03 17:55:56.320016]: frame time: 16
[2024-08-03 17:55:56.337324]: frame time: 17
[2024-08-03 17:55:56.353433]: frame time: 16
[2024-08-03 17:55:56.359327]: current rotation offset: 4
[2024-08-03 17:55:56.359327]: prediction time: 4
[2024-08-03 17:55:56.370312]: frame time: 17
[2024-08-03 17:55:56.387145]: frame time: 17
[2024-08-03 17:55:56.404025]: frame time: 17
[2024-08-03 17:55:56.416078]: current rotation offset: 4
[2024-08-03 17:55:56.417026]: prediction time: 8
[2024-08-03 17:55:56.422592]: frame time: 18
[2024-08-03 17:55:56.439319]: frame time: 16
[2024-08-03 17:55:56.456518]: frame time: 17
[2024-08-03 17:55:56.471471]: frame time: 15
[2024-08-03 17:55:56.472472]: current rotation offset: 4
[2024-08-03 17:55:56.473492]: prediction time: 5
[2024-08-03 17:55:56.486817]: frame time: 16
[2024-08-03 17:55:56.503523]: frame time: 16
[2024-08-03 17:55:56.520139]: frame time: 17
[2024-08-03 17:55:56.526887]: current rotation offset: 4
[2024-08-03 17:55:56.526887]: prediction time: 3
[2024-08-03 17:55:56.536688]: frame time: 17
[2024-08-03 17:55:56.554065]: frame time: 17
[2024-08-03 17:55:56.570292]: frame time: 16
[2024-08-03 17:55:56.580403]: current rotation offset: 4
[2024-08-03 17:55:56.581401]: prediction time: 4
[2024-08-03 17:55:56.586942]: frame time: 17
[2024-08-03 17:55:56.604363]: frame time: 17
[2024-08-03 17:55:56.623491]: frame time: 19
[2024-08-03 17:55:56.637412]: current rotation offset: 4
[2024-08-03 17:55:56.637412]: prediction time: 6
[2024-08-03 17:55:56.639456]: frame time: 16
[2024-08-03 17:55:56.655399]: frame time: 16
[2024-08-03 17:55:56.670365]: frame time: 15
[2024-08-03 17:55:56.688311]: frame time: 18
[2024-08-03 17:55:56.691272]: current rotation offset: 4
[2024-08-03 17:55:56.691272]: prediction time: 4
[2024-08-03 17:55:56.744128]: current rotation offset: 4
[2024-08-03 17:55:56.745124]: prediction time: 3
[2024-08-03 17:55:56.748154]: frame time: 60
[2024-08-03 17:55:56.769098]: frame time: 21
[2024-08-03 17:55:56.787048]: frame time: 18
[2024-08-03 17:55:56.798983]: current rotation offset: 4
[2024-08-03 17:55:56.798983]: prediction time: 3
[2024-08-03 17:55:56.803969]: frame time: 17
[2024-08-03 17:55:56.820925]: frame time: 17
[2024-08-03 17:55:56.836881]: frame time: 16
[2024-08-03 17:55:56.852839]: current rotation offset: 4
[2024-08-03 17:55:56.852839]: prediction time: 3
[2024-08-03 17:55:56.853836]: frame time: 17
[2024-08-03 17:55:56.870790]: frame time: 17
[2024-08-03 17:55:56.887745]: frame time: 17
[2024-08-03 17:55:56.907695]: current rotation offset: 4
[2024-08-03 17:55:56.907695]: prediction time: 4
[2024-08-03 17:55:56.909685]: frame time: 21
[2024-08-03 17:55:56.921657]: frame time: 11
[2024-08-03 17:55:56.939606]: frame time: 17
[2024-08-03 17:55:56.954662]: frame time: 15
[2024-08-03 17:55:56.960527]: current rotation offset: 4
[2024-08-03 17:55:56.960527]: prediction time: 3
[2024-08-03 17:55:56.970098]: frame time: 15
[2024-08-03 17:55:56.987472]: frame time: 17
[2024-08-03 17:55:57.003449]: frame time: 16
[2024-08-03 17:55:57.013187]: current rotation offset: 4
[2024-08-03 17:55:57.013187]: prediction time: 3
[2024-08-03 17:55:57.019905]: frame time: 17
[2024-08-03 17:55:57.036924]: frame time: 17
[2024-08-03 17:55:57.054057]: frame time: 17
[2024-08-03 17:55:57.071649]: current rotation offset: 4
[2024-08-03 17:55:57.071649]: prediction time: 7
[2024-08-03 17:55:57.072764]: frame time: 19
[2024-08-03 17:55:57.089481]: frame time: 16
[2024-08-03 17:55:57.105910]: frame time: 17
[2024-08-03 17:55:57.121543]: frame time: 15
[2024-08-03 17:55:57.126577]: current rotation offset: 4
[2024-08-03 17:55:57.127526]: prediction time: 5
[2024-08-03 17:55:57.138145]: frame time: 17
[2024-08-03 17:55:57.154584]: frame time: 16
[2024-08-03 17:55:57.171556]: frame time: 17
[2024-08-03 17:55:57.181593]: current rotation offset: 4
[2024-08-03 17:55:57.181593]: prediction time: 4
[2024-08-03 17:55:57.187996]: frame time: 17
[2024-08-03 17:55:57.206297]: frame time: 18
[2024-08-03 17:55:57.220577]: frame time: 14
[2024-08-03 17:55